[2025-04-09T17:05:13.838+0000] {taskinstance.py:1165} INFO - Dependencies all met for <TaskInstance: example_bash_operator.runme_0 scheduled__2025-04-08T00:00:00+00:00 [queued]>
[2025-04-09T17:05:13.850+0000] {taskinstance.py:1165} INFO - Dependencies all met for <TaskInstance: example_bash_operator.runme_0 scheduled__2025-04-08T00:00:00+00:00 [queued]>
[2025-04-09T17:05:13.853+0000] {taskinstance.py:1362} INFO - 
--------------------------------------------------------------------------------
[2025-04-09T17:05:13.855+0000] {taskinstance.py:1363} INFO - Starting attempt 1 of 1
[2025-04-09T17:05:13.855+0000] {taskinstance.py:1364} INFO - 
--------------------------------------------------------------------------------
[2025-04-09T17:05:13.865+0000] {taskinstance.py:1383} INFO - Executing <Task(BashOperator): runme_0> on 2025-04-08 00:00:00+00:00
[2025-04-09T17:05:13.869+0000] {standard_task_runner.py:55} INFO - Started process 1426 to run task
[2025-04-09T17:05:13.876+0000] {standard_task_runner.py:82} INFO - Running: ['***', 'tasks', 'run', 'example_bash_operator', 'runme_0', 'scheduled__2025-04-08T00:00:00+00:00', '--job-id', '7', '--raw', '--subdir', '/home/***/.local/lib/python3.7/site-packages/***/example_dags/example_bash_operator.py', '--cfg-path', '/tmp/tmp0ss720vm']
[2025-04-09T17:05:13.877+0000] {standard_task_runner.py:83} INFO - Job 7: Subtask runme_0
[2025-04-09T17:05:13.949+0000] {task_command.py:376} INFO - Running <TaskInstance: example_bash_operator.runme_0 scheduled__2025-04-08T00:00:00+00:00 [running]> on host 2418c58dbf49
[2025-04-09T17:05:14.011+0000] {taskinstance.py:1592} INFO - Exporting the following env vars:
AIRFLOW_CTX_DAG_OWNER=***
AIRFLOW_CTX_DAG_ID=example_bash_operator
AIRFLOW_CTX_TASK_ID=runme_0
AIRFLOW_CTX_EXECUTION_DATE=2025-04-08T00:00:00+00:00
AIRFLOW_CTX_TRY_NUMBER=1
AIRFLOW_CTX_DAG_RUN_ID=scheduled__2025-04-08T00:00:00+00:00
[2025-04-09T17:05:14.012+0000] {subprocess.py:63} INFO - Tmp dir root location: 
 /tmp
[2025-04-09T17:05:14.014+0000] {subprocess.py:75} INFO - Running command: ['/bin/bash', '-c', 'echo "example_bash_operator__runme_0__20250408" && sleep 1']
[2025-04-09T17:05:14.021+0000] {subprocess.py:86} INFO - Output:
[2025-04-09T17:05:14.023+0000] {subprocess.py:93} INFO - example_bash_operator__runme_0__20250408
[2025-04-09T17:05:15.026+0000] {subprocess.py:97} INFO - Command exited with return code 0
[2025-04-09T17:05:15.040+0000] {taskinstance.py:1406} INFO - Marking task as SUCCESS. dag_id=example_bash_operator, task_id=runme_0, execution_date=20250408T000000, start_date=20250409T170513, end_date=20250409T170515
[2025-04-09T17:05:15.053+0000] {local_task_job.py:164} INFO - Task exited with return code 0
[2025-04-09T17:05:15.066+0000] {local_task_job.py:273} INFO - 1 downstream tasks scheduled from follow-on schedule check
