[2025-04-09T20:26:44.541+0000] {processor.py:154} INFO - Started process (PID=22559) to work on /opt/airflow/dags/user_processing.py
[2025-04-09T20:26:44.541+0000] {processor.py:756} INFO - Processing file /opt/airflow/dags/user_processing.py for tasks to queue
[2025-04-09T20:26:44.541+0000] {logging_mixin.py:120} INFO - [2025-04-09T20:26:44.541+0000] {dagbag.py:537} INFO - Filling up the DagBag from /opt/airflow/dags/user_processing.py
[2025-04-09T20:26:44.551+0000] {processor.py:766} INFO - DAG(s) dict_keys(['user_processing']) retrieved from /opt/airflow/dags/user_processing.py
[2025-04-09T20:26:44.615+0000] {logging_mixin.py:120} INFO - [2025-04-09T20:26:44.614+0000] {manager.py:507} INFO - Created Permission View: can delete on DAG:user_processing
[2025-04-09T20:26:44.618+0000] {logging_mixin.py:120} INFO - [2025-04-09T20:26:44.618+0000] {manager.py:507} INFO - Created Permission View: can read on DAG:user_processing
[2025-04-09T20:26:44.620+0000] {logging_mixin.py:120} INFO - [2025-04-09T20:26:44.620+0000] {manager.py:507} INFO - Created Permission View: can edit on DAG:user_processing
[2025-04-09T20:26:44.620+0000] {logging_mixin.py:120} INFO - [2025-04-09T20:26:44.620+0000] {dag.py:2585} INFO - Sync 1 DAGs
[2025-04-09T20:26:44.730+0000] {logging_mixin.py:120} INFO - [2025-04-09T20:26:44.730+0000] {dag.py:2606} INFO - Creating ORM DAG for user_processing
[2025-04-09T20:26:44.735+0000] {logging_mixin.py:120} INFO - [2025-04-09T20:26:44.735+0000] {dag.py:3340} INFO - Setting next_dagrun for user_processing to 2025-04-08T00:00:00+00:00, run_after=2025-04-09T00:00:00+00:00
[2025-04-09T20:26:44.742+0000] {processor.py:176} INFO - Processing /opt/airflow/dags/user_processing.py took 0.203 seconds
[2025-04-09T20:27:15.391+0000] {processor.py:154} INFO - Started process (PID=22622) to work on /opt/airflow/dags/user_processing.py
[2025-04-09T20:27:15.392+0000] {processor.py:756} INFO - Processing file /opt/airflow/dags/user_processing.py for tasks to queue
[2025-04-09T20:27:15.392+0000] {logging_mixin.py:120} INFO - [2025-04-09T20:27:15.392+0000] {dagbag.py:537} INFO - Filling up the DagBag from /opt/airflow/dags/user_processing.py
[2025-04-09T20:27:15.410+0000] {processor.py:766} INFO - DAG(s) dict_keys(['user_processing']) retrieved from /opt/airflow/dags/user_processing.py
[2025-04-09T20:27:15.460+0000] {logging_mixin.py:120} INFO - [2025-04-09T20:27:15.460+0000] {dag.py:2585} INFO - Sync 1 DAGs
[2025-04-09T20:27:15.476+0000] {logging_mixin.py:120} INFO - [2025-04-09T20:27:15.476+0000] {dag.py:3340} INFO - Setting next_dagrun for user_processing to 2025-04-08T00:00:00+00:00, run_after=2025-04-09T00:00:00+00:00
[2025-04-09T20:27:15.484+0000] {processor.py:176} INFO - Processing /opt/airflow/dags/user_processing.py took 0.100 seconds
[2025-04-09T20:27:46.188+0000] {processor.py:154} INFO - Started process (PID=22685) to work on /opt/airflow/dags/user_processing.py
[2025-04-09T20:27:46.189+0000] {processor.py:756} INFO - Processing file /opt/airflow/dags/user_processing.py for tasks to queue
[2025-04-09T20:27:46.190+0000] {logging_mixin.py:120} INFO - [2025-04-09T20:27:46.190+0000] {dagbag.py:537} INFO - Filling up the DagBag from /opt/airflow/dags/user_processing.py
[2025-04-09T20:27:46.207+0000] {processor.py:766} INFO - DAG(s) dict_keys(['user_processing']) retrieved from /opt/airflow/dags/user_processing.py
[2025-04-09T20:27:46.239+0000] {logging_mixin.py:120} INFO - [2025-04-09T20:27:46.239+0000] {dag.py:2585} INFO - Sync 1 DAGs
[2025-04-09T20:27:46.257+0000] {logging_mixin.py:120} INFO - [2025-04-09T20:27:46.256+0000] {dag.py:3340} INFO - Setting next_dagrun for user_processing to 2025-04-08T00:00:00+00:00, run_after=2025-04-09T00:00:00+00:00
[2025-04-09T20:27:46.269+0000] {processor.py:176} INFO - Processing /opt/airflow/dags/user_processing.py took 0.084 seconds
[2025-04-09T20:28:16.899+0000] {processor.py:154} INFO - Started process (PID=22749) to work on /opt/airflow/dags/user_processing.py
[2025-04-09T20:28:16.900+0000] {processor.py:756} INFO - Processing file /opt/airflow/dags/user_processing.py for tasks to queue
[2025-04-09T20:28:16.901+0000] {logging_mixin.py:120} INFO - [2025-04-09T20:28:16.901+0000] {dagbag.py:537} INFO - Filling up the DagBag from /opt/airflow/dags/user_processing.py
[2025-04-09T20:28:16.919+0000] {processor.py:766} INFO - DAG(s) dict_keys(['user_processing']) retrieved from /opt/airflow/dags/user_processing.py
[2025-04-09T20:28:16.951+0000] {logging_mixin.py:120} INFO - [2025-04-09T20:28:16.951+0000] {dag.py:2585} INFO - Sync 1 DAGs
[2025-04-09T20:28:16.976+0000] {logging_mixin.py:120} INFO - [2025-04-09T20:28:16.976+0000] {dag.py:3340} INFO - Setting next_dagrun for user_processing to 2025-04-08T00:00:00+00:00, run_after=2025-04-09T00:00:00+00:00
[2025-04-09T20:28:16.984+0000] {processor.py:176} INFO - Processing /opt/airflow/dags/user_processing.py took 0.091 seconds
[2025-04-09T20:28:47.417+0000] {processor.py:154} INFO - Started process (PID=22811) to work on /opt/airflow/dags/user_processing.py
[2025-04-09T20:28:47.418+0000] {processor.py:756} INFO - Processing file /opt/airflow/dags/user_processing.py for tasks to queue
[2025-04-09T20:28:47.419+0000] {logging_mixin.py:120} INFO - [2025-04-09T20:28:47.419+0000] {dagbag.py:537} INFO - Filling up the DagBag from /opt/airflow/dags/user_processing.py
[2025-04-09T20:28:47.434+0000] {processor.py:766} INFO - DAG(s) dict_keys(['user_processing']) retrieved from /opt/airflow/dags/user_processing.py
[2025-04-09T20:28:47.460+0000] {logging_mixin.py:120} INFO - [2025-04-09T20:28:47.460+0000] {dag.py:2585} INFO - Sync 1 DAGs
[2025-04-09T20:28:47.478+0000] {logging_mixin.py:120} INFO - [2025-04-09T20:28:47.478+0000] {dag.py:3340} INFO - Setting next_dagrun for user_processing to 2025-04-08T00:00:00+00:00, run_after=2025-04-09T00:00:00+00:00
[2025-04-09T20:28:47.487+0000] {processor.py:176} INFO - Processing /opt/airflow/dags/user_processing.py took 0.074 seconds
[2025-04-09T20:29:18.033+0000] {processor.py:154} INFO - Started process (PID=22868) to work on /opt/airflow/dags/user_processing.py
[2025-04-09T20:29:18.034+0000] {processor.py:756} INFO - Processing file /opt/airflow/dags/user_processing.py for tasks to queue
[2025-04-09T20:29:18.034+0000] {logging_mixin.py:120} INFO - [2025-04-09T20:29:18.034+0000] {dagbag.py:537} INFO - Filling up the DagBag from /opt/airflow/dags/user_processing.py
[2025-04-09T20:29:18.052+0000] {processor.py:766} INFO - DAG(s) dict_keys(['user_processing']) retrieved from /opt/airflow/dags/user_processing.py
[2025-04-09T20:29:18.083+0000] {logging_mixin.py:120} INFO - [2025-04-09T20:29:18.083+0000] {dag.py:2585} INFO - Sync 1 DAGs
[2025-04-09T20:29:18.096+0000] {logging_mixin.py:120} INFO - [2025-04-09T20:29:18.096+0000] {dag.py:3340} INFO - Setting next_dagrun for user_processing to 2025-04-08T00:00:00+00:00, run_after=2025-04-09T00:00:00+00:00
[2025-04-09T20:29:18.105+0000] {processor.py:176} INFO - Processing /opt/airflow/dags/user_processing.py took 0.079 seconds
[2025-04-09T20:29:48.938+0000] {processor.py:154} INFO - Started process (PID=22932) to work on /opt/airflow/dags/user_processing.py
[2025-04-09T20:29:48.939+0000] {processor.py:756} INFO - Processing file /opt/airflow/dags/user_processing.py for tasks to queue
[2025-04-09T20:29:48.940+0000] {logging_mixin.py:120} INFO - [2025-04-09T20:29:48.940+0000] {dagbag.py:537} INFO - Filling up the DagBag from /opt/airflow/dags/user_processing.py
[2025-04-09T20:29:48.959+0000] {processor.py:766} INFO - DAG(s) dict_keys(['user_processing']) retrieved from /opt/airflow/dags/user_processing.py
[2025-04-09T20:29:48.991+0000] {logging_mixin.py:120} INFO - [2025-04-09T20:29:48.991+0000] {dag.py:2585} INFO - Sync 1 DAGs
[2025-04-09T20:29:49.011+0000] {logging_mixin.py:120} INFO - [2025-04-09T20:29:49.011+0000] {dag.py:3340} INFO - Setting next_dagrun for user_processing to 2025-04-08T00:00:00+00:00, run_after=2025-04-09T00:00:00+00:00
[2025-04-09T20:29:49.023+0000] {processor.py:176} INFO - Processing /opt/airflow/dags/user_processing.py took 0.093 seconds
[2025-04-09T20:30:19.236+0000] {processor.py:154} INFO - Started process (PID=22996) to work on /opt/airflow/dags/user_processing.py
[2025-04-09T20:30:19.237+0000] {processor.py:756} INFO - Processing file /opt/airflow/dags/user_processing.py for tasks to queue
[2025-04-09T20:30:19.237+0000] {logging_mixin.py:120} INFO - [2025-04-09T20:30:19.237+0000] {dagbag.py:537} INFO - Filling up the DagBag from /opt/airflow/dags/user_processing.py
[2025-04-09T20:30:19.252+0000] {processor.py:766} INFO - DAG(s) dict_keys(['user_processing']) retrieved from /opt/airflow/dags/user_processing.py
[2025-04-09T20:30:19.277+0000] {logging_mixin.py:120} INFO - [2025-04-09T20:30:19.277+0000] {dag.py:2585} INFO - Sync 1 DAGs
[2025-04-09T20:30:19.292+0000] {logging_mixin.py:120} INFO - [2025-04-09T20:30:19.292+0000] {dag.py:3340} INFO - Setting next_dagrun for user_processing to 2025-04-08T00:00:00+00:00, run_after=2025-04-09T00:00:00+00:00
[2025-04-09T20:30:19.301+0000] {processor.py:176} INFO - Processing /opt/airflow/dags/user_processing.py took 0.068 seconds
[2025-04-09T20:30:50.089+0000] {processor.py:154} INFO - Started process (PID=23059) to work on /opt/airflow/dags/user_processing.py
[2025-04-09T20:30:50.092+0000] {processor.py:756} INFO - Processing file /opt/airflow/dags/user_processing.py for tasks to queue
[2025-04-09T20:30:50.094+0000] {logging_mixin.py:120} INFO - [2025-04-09T20:30:50.094+0000] {dagbag.py:537} INFO - Filling up the DagBag from /opt/airflow/dags/user_processing.py
[2025-04-09T20:30:50.122+0000] {processor.py:766} INFO - DAG(s) dict_keys(['user_processing']) retrieved from /opt/airflow/dags/user_processing.py
[2025-04-09T20:30:50.158+0000] {logging_mixin.py:120} INFO - [2025-04-09T20:30:50.158+0000] {dag.py:2585} INFO - Sync 1 DAGs
[2025-04-09T20:30:50.176+0000] {logging_mixin.py:120} INFO - [2025-04-09T20:30:50.176+0000] {dag.py:3340} INFO - Setting next_dagrun for user_processing to 2025-04-08T00:00:00+00:00, run_after=2025-04-09T00:00:00+00:00
[2025-04-09T20:30:50.189+0000] {processor.py:176} INFO - Processing /opt/airflow/dags/user_processing.py took 0.105 seconds
[2025-04-09T20:31:20.882+0000] {processor.py:154} INFO - Started process (PID=23123) to work on /opt/airflow/dags/user_processing.py
[2025-04-09T20:31:20.883+0000] {processor.py:756} INFO - Processing file /opt/airflow/dags/user_processing.py for tasks to queue
[2025-04-09T20:31:20.883+0000] {logging_mixin.py:120} INFO - [2025-04-09T20:31:20.883+0000] {dagbag.py:537} INFO - Filling up the DagBag from /opt/airflow/dags/user_processing.py
[2025-04-09T20:31:20.897+0000] {processor.py:766} INFO - DAG(s) dict_keys(['user_processing']) retrieved from /opt/airflow/dags/user_processing.py
[2025-04-09T20:31:20.922+0000] {logging_mixin.py:120} INFO - [2025-04-09T20:31:20.922+0000] {dag.py:2585} INFO - Sync 1 DAGs
[2025-04-09T20:31:20.941+0000] {logging_mixin.py:120} INFO - [2025-04-09T20:31:20.940+0000] {dag.py:3340} INFO - Setting next_dagrun for user_processing to 2025-04-08T00:00:00+00:00, run_after=2025-04-09T00:00:00+00:00
[2025-04-09T20:31:20.950+0000] {processor.py:176} INFO - Processing /opt/airflow/dags/user_processing.py took 0.071 seconds
[2025-04-09T20:31:51.174+0000] {processor.py:154} INFO - Started process (PID=23187) to work on /opt/airflow/dags/user_processing.py
[2025-04-09T20:31:51.175+0000] {processor.py:756} INFO - Processing file /opt/airflow/dags/user_processing.py for tasks to queue
[2025-04-09T20:31:51.175+0000] {logging_mixin.py:120} INFO - [2025-04-09T20:31:51.175+0000] {dagbag.py:537} INFO - Filling up the DagBag from /opt/airflow/dags/user_processing.py
[2025-04-09T20:31:51.190+0000] {processor.py:766} INFO - DAG(s) dict_keys(['user_processing']) retrieved from /opt/airflow/dags/user_processing.py
[2025-04-09T20:31:51.228+0000] {logging_mixin.py:120} INFO - [2025-04-09T20:31:51.228+0000] {dag.py:2585} INFO - Sync 1 DAGs
[2025-04-09T20:31:51.242+0000] {logging_mixin.py:120} INFO - [2025-04-09T20:31:51.242+0000] {dag.py:3340} INFO - Setting next_dagrun for user_processing to 2025-04-08T00:00:00+00:00, run_after=2025-04-09T00:00:00+00:00
[2025-04-09T20:31:51.252+0000] {processor.py:176} INFO - Processing /opt/airflow/dags/user_processing.py took 0.081 seconds
[2025-04-09T20:32:22.007+0000] {processor.py:154} INFO - Started process (PID=23250) to work on /opt/airflow/dags/user_processing.py
[2025-04-09T20:32:22.008+0000] {processor.py:756} INFO - Processing file /opt/airflow/dags/user_processing.py for tasks to queue
[2025-04-09T20:32:22.009+0000] {logging_mixin.py:120} INFO - [2025-04-09T20:32:22.008+0000] {dagbag.py:537} INFO - Filling up the DagBag from /opt/airflow/dags/user_processing.py
[2025-04-09T20:32:22.025+0000] {processor.py:766} INFO - DAG(s) dict_keys(['user_processing']) retrieved from /opt/airflow/dags/user_processing.py
[2025-04-09T20:32:22.053+0000] {logging_mixin.py:120} INFO - [2025-04-09T20:32:22.053+0000] {dag.py:2585} INFO - Sync 1 DAGs
[2025-04-09T20:32:22.069+0000] {logging_mixin.py:120} INFO - [2025-04-09T20:32:22.069+0000] {dag.py:3340} INFO - Setting next_dagrun for user_processing to 2025-04-08T00:00:00+00:00, run_after=2025-04-09T00:00:00+00:00
[2025-04-09T20:32:22.078+0000] {processor.py:176} INFO - Processing /opt/airflow/dags/user_processing.py took 0.074 seconds
[2025-04-09T20:32:52.906+0000] {processor.py:154} INFO - Started process (PID=23305) to work on /opt/airflow/dags/user_processing.py
[2025-04-09T20:32:52.907+0000] {processor.py:756} INFO - Processing file /opt/airflow/dags/user_processing.py for tasks to queue
[2025-04-09T20:32:52.908+0000] {logging_mixin.py:120} INFO - [2025-04-09T20:32:52.908+0000] {dagbag.py:537} INFO - Filling up the DagBag from /opt/airflow/dags/user_processing.py
[2025-04-09T20:32:52.937+0000] {processor.py:766} INFO - DAG(s) dict_keys(['user_processing']) retrieved from /opt/airflow/dags/user_processing.py
[2025-04-09T20:32:52.971+0000] {logging_mixin.py:120} INFO - [2025-04-09T20:32:52.971+0000] {dag.py:2585} INFO - Sync 1 DAGs
[2025-04-09T20:32:52.985+0000] {logging_mixin.py:120} INFO - [2025-04-09T20:32:52.984+0000] {dag.py:3340} INFO - Setting next_dagrun for user_processing to 2025-04-08T00:00:00+00:00, run_after=2025-04-09T00:00:00+00:00
[2025-04-09T20:32:52.994+0000] {processor.py:176} INFO - Processing /opt/airflow/dags/user_processing.py took 0.094 seconds
[2025-04-09T20:33:23.870+0000] {processor.py:154} INFO - Started process (PID=23369) to work on /opt/airflow/dags/user_processing.py
[2025-04-09T20:33:23.871+0000] {processor.py:756} INFO - Processing file /opt/airflow/dags/user_processing.py for tasks to queue
[2025-04-09T20:33:23.871+0000] {logging_mixin.py:120} INFO - [2025-04-09T20:33:23.871+0000] {dagbag.py:537} INFO - Filling up the DagBag from /opt/airflow/dags/user_processing.py
[2025-04-09T20:33:23.890+0000] {processor.py:766} INFO - DAG(s) dict_keys(['user_processing']) retrieved from /opt/airflow/dags/user_processing.py
[2025-04-09T20:33:23.929+0000] {logging_mixin.py:120} INFO - [2025-04-09T20:33:23.929+0000] {dag.py:2585} INFO - Sync 1 DAGs
[2025-04-09T20:33:23.944+0000] {logging_mixin.py:120} INFO - [2025-04-09T20:33:23.944+0000] {dag.py:3340} INFO - Setting next_dagrun for user_processing to 2025-04-08T00:00:00+00:00, run_after=2025-04-09T00:00:00+00:00
[2025-04-09T20:33:23.958+0000] {processor.py:176} INFO - Processing /opt/airflow/dags/user_processing.py took 0.092 seconds
[2025-04-09T20:33:32.274+0000] {processor.py:154} INFO - Started process (PID=23415) to work on /opt/airflow/dags/user_processing.py
[2025-04-09T20:33:32.275+0000] {processor.py:756} INFO - Processing file /opt/airflow/dags/user_processing.py for tasks to queue
[2025-04-09T20:33:32.276+0000] {logging_mixin.py:120} INFO - [2025-04-09T20:33:32.276+0000] {dagbag.py:537} INFO - Filling up the DagBag from /opt/airflow/dags/user_processing.py
[2025-04-09T20:33:32.328+0000] {processor.py:766} INFO - DAG(s) dict_keys(['user_processing']) retrieved from /opt/airflow/dags/user_processing.py
[2025-04-09T20:33:32.361+0000] {logging_mixin.py:120} INFO - [2025-04-09T20:33:32.361+0000] {dag.py:2585} INFO - Sync 1 DAGs
[2025-04-09T20:33:32.370+0000] {logging_mixin.py:120} INFO - [2025-04-09T20:33:32.370+0000] {dag.py:3340} INFO - Setting next_dagrun for user_processing to 2025-04-08T00:00:00+00:00, run_after=2025-04-09T00:00:00+00:00
[2025-04-09T20:33:32.379+0000] {processor.py:176} INFO - Processing /opt/airflow/dags/user_processing.py took 0.108 seconds
[2025-04-09T20:33:52.581+0000] {processor.py:154} INFO - Started process (PID=23434) to work on /opt/airflow/dags/user_processing.py
[2025-04-09T20:33:52.582+0000] {processor.py:756} INFO - Processing file /opt/airflow/dags/user_processing.py for tasks to queue
[2025-04-09T20:33:52.582+0000] {logging_mixin.py:120} INFO - [2025-04-09T20:33:52.582+0000] {dagbag.py:537} INFO - Filling up the DagBag from /opt/airflow/dags/user_processing.py
[2025-04-09T20:33:52.649+0000] {processor.py:766} INFO - DAG(s) dict_keys(['user_processing']) retrieved from /opt/airflow/dags/user_processing.py
[2025-04-09T20:33:52.679+0000] {logging_mixin.py:120} INFO - [2025-04-09T20:33:52.679+0000] {dag.py:2585} INFO - Sync 1 DAGs
[2025-04-09T20:33:52.694+0000] {logging_mixin.py:120} INFO - [2025-04-09T20:33:52.694+0000] {dag.py:3340} INFO - Setting next_dagrun for user_processing to 2025-04-08T00:00:00+00:00, run_after=2025-04-09T00:00:00+00:00
[2025-04-09T20:33:52.705+0000] {processor.py:176} INFO - Processing /opt/airflow/dags/user_processing.py took 0.128 seconds
[2025-04-09T20:34:23.375+0000] {processor.py:154} INFO - Started process (PID=23498) to work on /opt/airflow/dags/user_processing.py
[2025-04-09T20:34:23.376+0000] {processor.py:756} INFO - Processing file /opt/airflow/dags/user_processing.py for tasks to queue
[2025-04-09T20:34:23.376+0000] {logging_mixin.py:120} INFO - [2025-04-09T20:34:23.376+0000] {dagbag.py:537} INFO - Filling up the DagBag from /opt/airflow/dags/user_processing.py
[2025-04-09T20:34:23.426+0000] {processor.py:766} INFO - DAG(s) dict_keys(['user_processing']) retrieved from /opt/airflow/dags/user_processing.py
[2025-04-09T20:34:23.456+0000] {logging_mixin.py:120} INFO - [2025-04-09T20:34:23.456+0000] {dag.py:2585} INFO - Sync 1 DAGs
[2025-04-09T20:34:23.472+0000] {logging_mixin.py:120} INFO - [2025-04-09T20:34:23.471+0000] {dag.py:3340} INFO - Setting next_dagrun for user_processing to 2025-04-08T00:00:00+00:00, run_after=2025-04-09T00:00:00+00:00
[2025-04-09T20:34:23.482+0000] {processor.py:176} INFO - Processing /opt/airflow/dags/user_processing.py took 0.117 seconds
[2025-04-09T20:34:54.018+0000] {processor.py:154} INFO - Started process (PID=23561) to work on /opt/airflow/dags/user_processing.py
[2025-04-09T20:34:54.019+0000] {processor.py:756} INFO - Processing file /opt/airflow/dags/user_processing.py for tasks to queue
[2025-04-09T20:34:54.020+0000] {logging_mixin.py:120} INFO - [2025-04-09T20:34:54.020+0000] {dagbag.py:537} INFO - Filling up the DagBag from /opt/airflow/dags/user_processing.py
[2025-04-09T20:34:54.067+0000] {processor.py:766} INFO - DAG(s) dict_keys(['user_processing']) retrieved from /opt/airflow/dags/user_processing.py
[2025-04-09T20:34:54.094+0000] {logging_mixin.py:120} INFO - [2025-04-09T20:34:54.094+0000] {dag.py:2585} INFO - Sync 1 DAGs
[2025-04-09T20:34:54.112+0000] {logging_mixin.py:120} INFO - [2025-04-09T20:34:54.112+0000] {dag.py:3340} INFO - Setting next_dagrun for user_processing to 2025-04-08T00:00:00+00:00, run_after=2025-04-09T00:00:00+00:00
[2025-04-09T20:34:54.279+0000] {processor.py:176} INFO - Processing /opt/airflow/dags/user_processing.py took 0.267 seconds
[2025-04-09T20:37:46.828+0000] {processor.py:154} INFO - Started process (PID=23607) to work on /opt/airflow/dags/user_processing.py
[2025-04-09T20:37:46.828+0000] {processor.py:756} INFO - Processing file /opt/airflow/dags/user_processing.py for tasks to queue
[2025-04-09T20:37:46.829+0000] {logging_mixin.py:120} INFO - [2025-04-09T20:37:46.829+0000] {dagbag.py:537} INFO - Filling up the DagBag from /opt/airflow/dags/user_processing.py
[2025-04-09T20:37:46.870+0000] {processor.py:766} INFO - DAG(s) dict_keys(['user_processing']) retrieved from /opt/airflow/dags/user_processing.py
[2025-04-09T20:37:46.894+0000] {logging_mixin.py:120} INFO - [2025-04-09T20:37:46.894+0000] {dag.py:2585} INFO - Sync 1 DAGs
[2025-04-09T20:37:46.988+0000] {logging_mixin.py:120} INFO - [2025-04-09T20:37:46.988+0000] {dag.py:3340} INFO - Setting next_dagrun for user_processing to 2025-04-08T00:00:00+00:00, run_after=2025-04-09T00:00:00+00:00
[2025-04-09T20:37:47.002+0000] {processor.py:176} INFO - Processing /opt/airflow/dags/user_processing.py took 0.177 seconds
[2025-04-09T20:42:18.527+0000] {processor.py:154} INFO - Started process (PID=23671) to work on /opt/airflow/dags/user_processing.py
[2025-04-09T20:42:18.528+0000] {processor.py:756} INFO - Processing file /opt/airflow/dags/user_processing.py for tasks to queue
[2025-04-09T20:42:18.529+0000] {logging_mixin.py:120} INFO - [2025-04-09T20:42:18.529+0000] {dagbag.py:537} INFO - Filling up the DagBag from /opt/airflow/dags/user_processing.py
[2025-04-09T20:42:18.578+0000] {processor.py:766} INFO - DAG(s) dict_keys(['user_processing']) retrieved from /opt/airflow/dags/user_processing.py
[2025-04-09T20:42:18.604+0000] {logging_mixin.py:120} INFO - [2025-04-09T20:42:18.604+0000] {dag.py:2585} INFO - Sync 1 DAGs
[2025-04-09T20:42:18.620+0000] {logging_mixin.py:120} INFO - [2025-04-09T20:42:18.620+0000] {dag.py:3340} INFO - Setting next_dagrun for user_processing to 2025-04-08T00:00:00+00:00, run_after=2025-04-09T00:00:00+00:00
[2025-04-09T20:42:18.632+0000] {processor.py:176} INFO - Processing /opt/airflow/dags/user_processing.py took 0.109 seconds
[2025-04-09T20:43:24.479+0000] {processor.py:154} INFO - Started process (PID=23735) to work on /opt/airflow/dags/user_processing.py
[2025-04-09T20:43:24.481+0000] {processor.py:756} INFO - Processing file /opt/airflow/dags/user_processing.py for tasks to queue
[2025-04-09T20:43:24.482+0000] {logging_mixin.py:120} INFO - [2025-04-09T20:43:24.482+0000] {dagbag.py:537} INFO - Filling up the DagBag from /opt/airflow/dags/user_processing.py
[2025-04-09T20:43:24.531+0000] {processor.py:766} INFO - DAG(s) dict_keys(['user_processing']) retrieved from /opt/airflow/dags/user_processing.py
[2025-04-09T20:43:24.554+0000] {logging_mixin.py:120} INFO - [2025-04-09T20:43:24.554+0000] {dag.py:2585} INFO - Sync 1 DAGs
[2025-04-09T20:43:24.567+0000] {logging_mixin.py:120} INFO - [2025-04-09T20:43:24.567+0000] {dag.py:3340} INFO - Setting next_dagrun for user_processing to 2025-04-08T00:00:00+00:00, run_after=2025-04-09T00:00:00+00:00
[2025-04-09T20:43:24.576+0000] {processor.py:176} INFO - Processing /opt/airflow/dags/user_processing.py took 0.102 seconds
[2025-04-09T23:36:52.486+0000] {processor.py:154} INFO - Started process (PID=23799) to work on /opt/airflow/dags/user_processing.py
[2025-04-09T23:36:52.487+0000] {processor.py:756} INFO - Processing file /opt/airflow/dags/user_processing.py for tasks to queue
[2025-04-09T23:36:52.488+0000] {logging_mixin.py:120} INFO - [2025-04-09T23:36:52.488+0000] {dagbag.py:537} INFO - Filling up the DagBag from /opt/airflow/dags/user_processing.py
[2025-04-09T23:36:52.560+0000] {processor.py:766} INFO - DAG(s) dict_keys(['user_processing']) retrieved from /opt/airflow/dags/user_processing.py
[2025-04-09T23:36:52.624+0000] {logging_mixin.py:120} INFO - [2025-04-09T23:36:52.623+0000] {dag.py:2585} INFO - Sync 1 DAGs
[2025-04-09T23:36:52.960+0000] {logging_mixin.py:120} INFO - [2025-04-09T23:36:52.959+0000] {dag.py:3340} INFO - Setting next_dagrun for user_processing to 2025-04-08T00:00:00+00:00, run_after=2025-04-09T00:00:00+00:00
[2025-04-09T23:36:52.977+0000] {processor.py:176} INFO - Processing /opt/airflow/dags/user_processing.py took 0.494 seconds
