[2025-04-10T15:39:59.895+0000] {processor.py:153} INFO - Started process (PID=70) to work on /home/airflow/.local/lib/python3.7/site-packages/airflow/example_dags/example_sensors.py
[2025-04-10T15:39:59.895+0000] {processor.py:743} INFO - Processing file /home/airflow/.local/lib/python3.7/site-packages/airflow/example_dags/example_sensors.py for tasks to queue
[2025-04-10T15:39:59.896+0000] {logging_mixin.py:137} INFO - [2025-04-10T15:39:59.896+0000] {dagbag.py:538} INFO - Filling up the DagBag from /home/airflow/.local/lib/python3.7/site-packages/airflow/example_dags/example_sensors.py
[2025-04-10T15:39:59.918+0000] {processor.py:753} INFO - DAG(s) dict_keys(['example_sensors']) retrieved from /home/airflow/.local/lib/python3.7/site-packages/airflow/example_dags/example_sensors.py
[2025-04-10T15:40:00.020+0000] {logging_mixin.py:137} INFO - [2025-04-10T15:40:00.020+0000] {manager.py:504} INFO - Created Permission View: can edit on DAG:example_sensors
[2025-04-10T15:40:00.034+0000] {logging_mixin.py:137} INFO - [2025-04-10T15:40:00.034+0000] {manager.py:504} INFO - Created Permission View: can delete on DAG:example_sensors
[2025-04-10T15:40:00.043+0000] {logging_mixin.py:137} INFO - [2025-04-10T15:40:00.043+0000] {manager.py:504} INFO - Created Permission View: can read on DAG:example_sensors
[2025-04-10T15:40:00.044+0000] {logging_mixin.py:137} INFO - [2025-04-10T15:40:00.044+0000] {dag.py:2690} INFO - Sync 1 DAGs
[2025-04-10T15:40:00.057+0000] {logging_mixin.py:137} INFO - [2025-04-10T15:40:00.057+0000] {dag.py:2711} INFO - Creating ORM DAG for example_sensors
[2025-04-10T15:40:00.064+0000] {logging_mixin.py:137} INFO - [2025-04-10T15:40:00.064+0000] {dag.py:3441} INFO - Setting next_dagrun for example_sensors to None, run_after=None
[2025-04-10T15:40:00.085+0000] {processor.py:175} INFO - Processing /home/airflow/.local/lib/python3.7/site-packages/airflow/example_dags/example_sensors.py took 0.192 seconds
[2025-04-10T15:40:30.908+0000] {processor.py:153} INFO - Started process (PID=167) to work on /home/airflow/.local/lib/python3.7/site-packages/airflow/example_dags/example_sensors.py
[2025-04-10T15:40:30.909+0000] {processor.py:743} INFO - Processing file /home/airflow/.local/lib/python3.7/site-packages/airflow/example_dags/example_sensors.py for tasks to queue
[2025-04-10T15:40:30.913+0000] {logging_mixin.py:137} INFO - [2025-04-10T15:40:30.913+0000] {dagbag.py:538} INFO - Filling up the DagBag from /home/airflow/.local/lib/python3.7/site-packages/airflow/example_dags/example_sensors.py
[2025-04-10T15:40:30.928+0000] {processor.py:753} INFO - DAG(s) dict_keys(['example_sensors']) retrieved from /home/airflow/.local/lib/python3.7/site-packages/airflow/example_dags/example_sensors.py
[2025-04-10T15:40:30.945+0000] {logging_mixin.py:137} INFO - [2025-04-10T15:40:30.945+0000] {dag.py:2690} INFO - Sync 1 DAGs
[2025-04-10T15:40:30.958+0000] {logging_mixin.py:137} INFO - [2025-04-10T15:40:30.958+0000] {dag.py:3441} INFO - Setting next_dagrun for example_sensors to None, run_after=None
[2025-04-10T15:40:30.970+0000] {processor.py:175} INFO - Processing /home/airflow/.local/lib/python3.7/site-packages/airflow/example_dags/example_sensors.py took 0.063 seconds
[2025-04-10T15:41:01.409+0000] {processor.py:153} INFO - Started process (PID=264) to work on /home/airflow/.local/lib/python3.7/site-packages/airflow/example_dags/example_sensors.py
[2025-04-10T15:41:01.413+0000] {processor.py:743} INFO - Processing file /home/airflow/.local/lib/python3.7/site-packages/airflow/example_dags/example_sensors.py for tasks to queue
[2025-04-10T15:41:01.415+0000] {logging_mixin.py:137} INFO - [2025-04-10T15:41:01.415+0000] {dagbag.py:538} INFO - Filling up the DagBag from /home/airflow/.local/lib/python3.7/site-packages/airflow/example_dags/example_sensors.py
[2025-04-10T15:41:01.426+0000] {processor.py:753} INFO - DAG(s) dict_keys(['example_sensors']) retrieved from /home/airflow/.local/lib/python3.7/site-packages/airflow/example_dags/example_sensors.py
[2025-04-10T15:41:01.447+0000] {logging_mixin.py:137} INFO - [2025-04-10T15:41:01.447+0000] {dag.py:2690} INFO - Sync 1 DAGs
[2025-04-10T15:41:01.459+0000] {logging_mixin.py:137} INFO - [2025-04-10T15:41:01.459+0000] {dag.py:3441} INFO - Setting next_dagrun for example_sensors to None, run_after=None
[2025-04-10T15:41:01.469+0000] {processor.py:175} INFO - Processing /home/airflow/.local/lib/python3.7/site-packages/airflow/example_dags/example_sensors.py took 0.062 seconds
[2025-04-10T15:41:32.232+0000] {processor.py:153} INFO - Started process (PID=351) to work on /home/airflow/.local/lib/python3.7/site-packages/airflow/example_dags/example_sensors.py
[2025-04-10T15:41:32.235+0000] {processor.py:743} INFO - Processing file /home/airflow/.local/lib/python3.7/site-packages/airflow/example_dags/example_sensors.py for tasks to queue
[2025-04-10T15:41:32.236+0000] {logging_mixin.py:137} INFO - [2025-04-10T15:41:32.236+0000] {dagbag.py:538} INFO - Filling up the DagBag from /home/airflow/.local/lib/python3.7/site-packages/airflow/example_dags/example_sensors.py
[2025-04-10T15:41:32.249+0000] {processor.py:753} INFO - DAG(s) dict_keys(['example_sensors']) retrieved from /home/airflow/.local/lib/python3.7/site-packages/airflow/example_dags/example_sensors.py
[2025-04-10T15:41:32.270+0000] {logging_mixin.py:137} INFO - [2025-04-10T15:41:32.270+0000] {dag.py:2690} INFO - Sync 1 DAGs
[2025-04-10T15:41:32.287+0000] {logging_mixin.py:137} INFO - [2025-04-10T15:41:32.287+0000] {dag.py:3441} INFO - Setting next_dagrun for example_sensors to None, run_after=None
[2025-04-10T15:41:32.299+0000] {processor.py:175} INFO - Processing /home/airflow/.local/lib/python3.7/site-packages/airflow/example_dags/example_sensors.py took 0.069 seconds
[2025-04-10T15:42:03.254+0000] {processor.py:153} INFO - Started process (PID=439) to work on /home/airflow/.local/lib/python3.7/site-packages/airflow/example_dags/example_sensors.py
[2025-04-10T15:42:03.260+0000] {processor.py:743} INFO - Processing file /home/airflow/.local/lib/python3.7/site-packages/airflow/example_dags/example_sensors.py for tasks to queue
[2025-04-10T15:42:03.261+0000] {logging_mixin.py:137} INFO - [2025-04-10T15:42:03.261+0000] {dagbag.py:538} INFO - Filling up the DagBag from /home/airflow/.local/lib/python3.7/site-packages/airflow/example_dags/example_sensors.py
[2025-04-10T15:42:03.275+0000] {processor.py:753} INFO - DAG(s) dict_keys(['example_sensors']) retrieved from /home/airflow/.local/lib/python3.7/site-packages/airflow/example_dags/example_sensors.py
[2025-04-10T15:42:03.298+0000] {logging_mixin.py:137} INFO - [2025-04-10T15:42:03.298+0000] {dag.py:2690} INFO - Sync 1 DAGs
[2025-04-10T15:42:03.311+0000] {logging_mixin.py:137} INFO - [2025-04-10T15:42:03.311+0000] {dag.py:3441} INFO - Setting next_dagrun for example_sensors to None, run_after=None
[2025-04-10T15:42:03.323+0000] {processor.py:175} INFO - Processing /home/airflow/.local/lib/python3.7/site-packages/airflow/example_dags/example_sensors.py took 0.071 seconds
[2025-04-10T15:42:34.120+0000] {processor.py:153} INFO - Started process (PID=542) to work on /home/airflow/.local/lib/python3.7/site-packages/airflow/example_dags/example_sensors.py
[2025-04-10T15:42:34.124+0000] {processor.py:743} INFO - Processing file /home/airflow/.local/lib/python3.7/site-packages/airflow/example_dags/example_sensors.py for tasks to queue
[2025-04-10T15:42:34.125+0000] {logging_mixin.py:137} INFO - [2025-04-10T15:42:34.125+0000] {dagbag.py:538} INFO - Filling up the DagBag from /home/airflow/.local/lib/python3.7/site-packages/airflow/example_dags/example_sensors.py
[2025-04-10T15:42:34.143+0000] {processor.py:753} INFO - DAG(s) dict_keys(['example_sensors']) retrieved from /home/airflow/.local/lib/python3.7/site-packages/airflow/example_dags/example_sensors.py
[2025-04-10T15:42:34.162+0000] {logging_mixin.py:137} INFO - [2025-04-10T15:42:34.162+0000] {dag.py:2690} INFO - Sync 1 DAGs
[2025-04-10T15:42:34.179+0000] {logging_mixin.py:137} INFO - [2025-04-10T15:42:34.178+0000] {dag.py:3441} INFO - Setting next_dagrun for example_sensors to None, run_after=None
[2025-04-10T15:42:34.188+0000] {processor.py:175} INFO - Processing /home/airflow/.local/lib/python3.7/site-packages/airflow/example_dags/example_sensors.py took 0.072 seconds
[2025-04-10T15:43:04.768+0000] {processor.py:153} INFO - Started process (PID=655) to work on /home/airflow/.local/lib/python3.7/site-packages/airflow/example_dags/example_sensors.py
[2025-04-10T15:43:04.769+0000] {processor.py:743} INFO - Processing file /home/airflow/.local/lib/python3.7/site-packages/airflow/example_dags/example_sensors.py for tasks to queue
[2025-04-10T15:43:04.770+0000] {logging_mixin.py:137} INFO - [2025-04-10T15:43:04.769+0000] {dagbag.py:538} INFO - Filling up the DagBag from /home/airflow/.local/lib/python3.7/site-packages/airflow/example_dags/example_sensors.py
[2025-04-10T15:43:04.782+0000] {processor.py:753} INFO - DAG(s) dict_keys(['example_sensors']) retrieved from /home/airflow/.local/lib/python3.7/site-packages/airflow/example_dags/example_sensors.py
[2025-04-10T15:43:04.802+0000] {logging_mixin.py:137} INFO - [2025-04-10T15:43:04.802+0000] {dag.py:2690} INFO - Sync 1 DAGs
[2025-04-10T15:43:04.820+0000] {logging_mixin.py:137} INFO - [2025-04-10T15:43:04.819+0000] {dag.py:3441} INFO - Setting next_dagrun for example_sensors to None, run_after=None
[2025-04-10T15:43:04.836+0000] {processor.py:175} INFO - Processing /home/airflow/.local/lib/python3.7/site-packages/airflow/example_dags/example_sensors.py took 0.071 seconds
[2025-04-10T15:43:35.382+0000] {processor.py:153} INFO - Started process (PID=746) to work on /home/airflow/.local/lib/python3.7/site-packages/airflow/example_dags/example_sensors.py
[2025-04-10T15:43:35.387+0000] {processor.py:743} INFO - Processing file /home/airflow/.local/lib/python3.7/site-packages/airflow/example_dags/example_sensors.py for tasks to queue
[2025-04-10T15:43:35.390+0000] {logging_mixin.py:137} INFO - [2025-04-10T15:43:35.390+0000] {dagbag.py:538} INFO - Filling up the DagBag from /home/airflow/.local/lib/python3.7/site-packages/airflow/example_dags/example_sensors.py
[2025-04-10T15:43:35.405+0000] {processor.py:753} INFO - DAG(s) dict_keys(['example_sensors']) retrieved from /home/airflow/.local/lib/python3.7/site-packages/airflow/example_dags/example_sensors.py
[2025-04-10T15:43:35.430+0000] {logging_mixin.py:137} INFO - [2025-04-10T15:43:35.430+0000] {dag.py:2690} INFO - Sync 1 DAGs
[2025-04-10T15:43:35.444+0000] {logging_mixin.py:137} INFO - [2025-04-10T15:43:35.444+0000] {dag.py:3441} INFO - Setting next_dagrun for example_sensors to None, run_after=None
[2025-04-10T15:43:35.454+0000] {processor.py:175} INFO - Processing /home/airflow/.local/lib/python3.7/site-packages/airflow/example_dags/example_sensors.py took 0.075 seconds
[2025-04-10T15:44:06.440+0000] {processor.py:153} INFO - Started process (PID=843) to work on /home/airflow/.local/lib/python3.7/site-packages/airflow/example_dags/example_sensors.py
[2025-04-10T15:44:06.441+0000] {processor.py:743} INFO - Processing file /home/airflow/.local/lib/python3.7/site-packages/airflow/example_dags/example_sensors.py for tasks to queue
[2025-04-10T15:44:06.442+0000] {logging_mixin.py:137} INFO - [2025-04-10T15:44:06.442+0000] {dagbag.py:538} INFO - Filling up the DagBag from /home/airflow/.local/lib/python3.7/site-packages/airflow/example_dags/example_sensors.py
[2025-04-10T15:44:06.456+0000] {processor.py:753} INFO - DAG(s) dict_keys(['example_sensors']) retrieved from /home/airflow/.local/lib/python3.7/site-packages/airflow/example_dags/example_sensors.py
[2025-04-10T15:44:06.475+0000] {logging_mixin.py:137} INFO - [2025-04-10T15:44:06.475+0000] {dag.py:2690} INFO - Sync 1 DAGs
[2025-04-10T15:44:06.487+0000] {logging_mixin.py:137} INFO - [2025-04-10T15:44:06.487+0000] {dag.py:3441} INFO - Setting next_dagrun for example_sensors to None, run_after=None
[2025-04-10T15:44:06.498+0000] {processor.py:175} INFO - Processing /home/airflow/.local/lib/python3.7/site-packages/airflow/example_dags/example_sensors.py took 0.060 seconds
[2025-04-10T15:44:37.183+0000] {processor.py:153} INFO - Started process (PID=953) to work on /home/airflow/.local/lib/python3.7/site-packages/airflow/example_dags/example_sensors.py
[2025-04-10T15:44:37.185+0000] {processor.py:743} INFO - Processing file /home/airflow/.local/lib/python3.7/site-packages/airflow/example_dags/example_sensors.py for tasks to queue
[2025-04-10T15:44:37.186+0000] {logging_mixin.py:137} INFO - [2025-04-10T15:44:37.185+0000] {dagbag.py:538} INFO - Filling up the DagBag from /home/airflow/.local/lib/python3.7/site-packages/airflow/example_dags/example_sensors.py
[2025-04-10T15:44:37.201+0000] {processor.py:753} INFO - DAG(s) dict_keys(['example_sensors']) retrieved from /home/airflow/.local/lib/python3.7/site-packages/airflow/example_dags/example_sensors.py
[2025-04-10T15:44:37.219+0000] {logging_mixin.py:137} INFO - [2025-04-10T15:44:37.219+0000] {dag.py:2690} INFO - Sync 1 DAGs
[2025-04-10T15:44:37.232+0000] {logging_mixin.py:137} INFO - [2025-04-10T15:44:37.232+0000] {dag.py:3441} INFO - Setting next_dagrun for example_sensors to None, run_after=None
[2025-04-10T15:44:37.244+0000] {processor.py:175} INFO - Processing /home/airflow/.local/lib/python3.7/site-packages/airflow/example_dags/example_sensors.py took 0.065 seconds
[2025-04-10T15:45:07.979+0000] {processor.py:153} INFO - Started process (PID=1050) to work on /home/airflow/.local/lib/python3.7/site-packages/airflow/example_dags/example_sensors.py
[2025-04-10T15:45:07.980+0000] {processor.py:743} INFO - Processing file /home/airflow/.local/lib/python3.7/site-packages/airflow/example_dags/example_sensors.py for tasks to queue
[2025-04-10T15:45:07.980+0000] {logging_mixin.py:137} INFO - [2025-04-10T15:45:07.980+0000] {dagbag.py:538} INFO - Filling up the DagBag from /home/airflow/.local/lib/python3.7/site-packages/airflow/example_dags/example_sensors.py
[2025-04-10T15:45:07.994+0000] {processor.py:753} INFO - DAG(s) dict_keys(['example_sensors']) retrieved from /home/airflow/.local/lib/python3.7/site-packages/airflow/example_dags/example_sensors.py
[2025-04-10T15:45:08.010+0000] {logging_mixin.py:137} INFO - [2025-04-10T15:45:08.010+0000] {dag.py:2690} INFO - Sync 1 DAGs
[2025-04-10T15:45:08.024+0000] {logging_mixin.py:137} INFO - [2025-04-10T15:45:08.024+0000] {dag.py:3441} INFO - Setting next_dagrun for example_sensors to None, run_after=None
[2025-04-10T15:45:08.034+0000] {processor.py:175} INFO - Processing /home/airflow/.local/lib/python3.7/site-packages/airflow/example_dags/example_sensors.py took 0.057 seconds
