[2025-04-10T15:39:59.752+0000] {processor.py:153} INFO - Started process (PID=68) to work on /home/airflow/.local/lib/python3.7/site-packages/airflow/example_dags/example_sensor_decorator.py
[2025-04-10T15:39:59.754+0000] {processor.py:743} INFO - Processing file /home/airflow/.local/lib/python3.7/site-packages/airflow/example_dags/example_sensor_decorator.py for tasks to queue
[2025-04-10T15:39:59.754+0000] {logging_mixin.py:137} INFO - [2025-04-10T15:39:59.754+0000] {dagbag.py:538} INFO - Filling up the DagBag from /home/airflow/.local/lib/python3.7/site-packages/airflow/example_dags/example_sensor_decorator.py
[2025-04-10T15:39:59.772+0000] {processor.py:753} INFO - DAG(s) dict_keys(['example_sensor_decorator']) retrieved from /home/airflow/.local/lib/python3.7/site-packages/airflow/example_dags/example_sensor_decorator.py
[2025-04-10T15:39:59.836+0000] {logging_mixin.py:137} INFO - [2025-04-10T15:39:59.836+0000] {manager.py:504} INFO - Created Permission View: can edit on DAG:example_sensor_decorator
[2025-04-10T15:39:59.841+0000] {logging_mixin.py:137} INFO - [2025-04-10T15:39:59.841+0000] {manager.py:504} INFO - Created Permission View: can delete on DAG:example_sensor_decorator
[2025-04-10T15:39:59.847+0000] {logging_mixin.py:137} INFO - [2025-04-10T15:39:59.847+0000] {manager.py:504} INFO - Created Permission View: can read on DAG:example_sensor_decorator
[2025-04-10T15:39:59.849+0000] {logging_mixin.py:137} INFO - [2025-04-10T15:39:59.849+0000] {dag.py:2690} INFO - Sync 1 DAGs
[2025-04-10T15:39:59.859+0000] {logging_mixin.py:137} INFO - [2025-04-10T15:39:59.858+0000] {dag.py:2711} INFO - Creating ORM DAG for example_sensor_decorator
[2025-04-10T15:39:59.865+0000] {logging_mixin.py:137} INFO - [2025-04-10T15:39:59.865+0000] {dag.py:3441} INFO - Setting next_dagrun for example_sensor_decorator to None, run_after=None
[2025-04-10T15:39:59.877+0000] {processor.py:175} INFO - Processing /home/airflow/.local/lib/python3.7/site-packages/airflow/example_dags/example_sensor_decorator.py took 0.126 seconds
[2025-04-10T15:40:29.896+0000] {processor.py:153} INFO - Started process (PID=165) to work on /home/airflow/.local/lib/python3.7/site-packages/airflow/example_dags/example_sensor_decorator.py
[2025-04-10T15:40:29.896+0000] {processor.py:743} INFO - Processing file /home/airflow/.local/lib/python3.7/site-packages/airflow/example_dags/example_sensor_decorator.py for tasks to queue
[2025-04-10T15:40:29.897+0000] {logging_mixin.py:137} INFO - [2025-04-10T15:40:29.896+0000] {dagbag.py:538} INFO - Filling up the DagBag from /home/airflow/.local/lib/python3.7/site-packages/airflow/example_dags/example_sensor_decorator.py
[2025-04-10T15:40:29.907+0000] {processor.py:753} INFO - DAG(s) dict_keys(['example_sensor_decorator']) retrieved from /home/airflow/.local/lib/python3.7/site-packages/airflow/example_dags/example_sensor_decorator.py
[2025-04-10T15:40:29.917+0000] {logging_mixin.py:137} INFO - [2025-04-10T15:40:29.917+0000] {dag.py:2690} INFO - Sync 1 DAGs
[2025-04-10T15:40:29.927+0000] {logging_mixin.py:137} INFO - [2025-04-10T15:40:29.927+0000] {dag.py:3441} INFO - Setting next_dagrun for example_sensor_decorator to None, run_after=None
[2025-04-10T15:40:29.933+0000] {processor.py:175} INFO - Processing /home/airflow/.local/lib/python3.7/site-packages/airflow/example_dags/example_sensor_decorator.py took 0.039 seconds
[2025-04-10T15:41:00.393+0000] {processor.py:153} INFO - Started process (PID=262) to work on /home/airflow/.local/lib/python3.7/site-packages/airflow/example_dags/example_sensor_decorator.py
[2025-04-10T15:41:00.394+0000] {processor.py:743} INFO - Processing file /home/airflow/.local/lib/python3.7/site-packages/airflow/example_dags/example_sensor_decorator.py for tasks to queue
[2025-04-10T15:41:00.394+0000] {logging_mixin.py:137} INFO - [2025-04-10T15:41:00.394+0000] {dagbag.py:538} INFO - Filling up the DagBag from /home/airflow/.local/lib/python3.7/site-packages/airflow/example_dags/example_sensor_decorator.py
[2025-04-10T15:41:00.406+0000] {processor.py:753} INFO - DAG(s) dict_keys(['example_sensor_decorator']) retrieved from /home/airflow/.local/lib/python3.7/site-packages/airflow/example_dags/example_sensor_decorator.py
[2025-04-10T15:41:00.419+0000] {logging_mixin.py:137} INFO - [2025-04-10T15:41:00.419+0000] {dag.py:2690} INFO - Sync 1 DAGs
[2025-04-10T15:41:00.431+0000] {logging_mixin.py:137} INFO - [2025-04-10T15:41:00.431+0000] {dag.py:3441} INFO - Setting next_dagrun for example_sensor_decorator to None, run_after=None
[2025-04-10T15:41:00.439+0000] {processor.py:175} INFO - Processing /home/airflow/.local/lib/python3.7/site-packages/airflow/example_dags/example_sensor_decorator.py took 0.047 seconds
[2025-04-10T15:41:31.176+0000] {processor.py:153} INFO - Started process (PID=340) to work on /home/airflow/.local/lib/python3.7/site-packages/airflow/example_dags/example_sensor_decorator.py
[2025-04-10T15:41:31.177+0000] {processor.py:743} INFO - Processing file /home/airflow/.local/lib/python3.7/site-packages/airflow/example_dags/example_sensor_decorator.py for tasks to queue
[2025-04-10T15:41:31.178+0000] {logging_mixin.py:137} INFO - [2025-04-10T15:41:31.178+0000] {dagbag.py:538} INFO - Filling up the DagBag from /home/airflow/.local/lib/python3.7/site-packages/airflow/example_dags/example_sensor_decorator.py
[2025-04-10T15:41:31.201+0000] {processor.py:753} INFO - DAG(s) dict_keys(['example_sensor_decorator']) retrieved from /home/airflow/.local/lib/python3.7/site-packages/airflow/example_dags/example_sensor_decorator.py
[2025-04-10T15:41:31.215+0000] {logging_mixin.py:137} INFO - [2025-04-10T15:41:31.215+0000] {dag.py:2690} INFO - Sync 1 DAGs
[2025-04-10T15:41:31.227+0000] {logging_mixin.py:137} INFO - [2025-04-10T15:41:31.227+0000] {dag.py:3441} INFO - Setting next_dagrun for example_sensor_decorator to None, run_after=None
[2025-04-10T15:41:31.235+0000] {processor.py:175} INFO - Processing /home/airflow/.local/lib/python3.7/site-packages/airflow/example_dags/example_sensor_decorator.py took 0.066 seconds
[2025-04-10T15:42:02.209+0000] {processor.py:153} INFO - Started process (PID=437) to work on /home/airflow/.local/lib/python3.7/site-packages/airflow/example_dags/example_sensor_decorator.py
[2025-04-10T15:42:02.210+0000] {processor.py:743} INFO - Processing file /home/airflow/.local/lib/python3.7/site-packages/airflow/example_dags/example_sensor_decorator.py for tasks to queue
[2025-04-10T15:42:02.210+0000] {logging_mixin.py:137} INFO - [2025-04-10T15:42:02.210+0000] {dagbag.py:538} INFO - Filling up the DagBag from /home/airflow/.local/lib/python3.7/site-packages/airflow/example_dags/example_sensor_decorator.py
[2025-04-10T15:42:02.222+0000] {processor.py:753} INFO - DAG(s) dict_keys(['example_sensor_decorator']) retrieved from /home/airflow/.local/lib/python3.7/site-packages/airflow/example_dags/example_sensor_decorator.py
[2025-04-10T15:42:02.233+0000] {logging_mixin.py:137} INFO - [2025-04-10T15:42:02.233+0000] {dag.py:2690} INFO - Sync 1 DAGs
[2025-04-10T15:42:02.243+0000] {logging_mixin.py:137} INFO - [2025-04-10T15:42:02.243+0000] {dag.py:3441} INFO - Setting next_dagrun for example_sensor_decorator to None, run_after=None
[2025-04-10T15:42:02.250+0000] {processor.py:175} INFO - Processing /home/airflow/.local/lib/python3.7/site-packages/airflow/example_dags/example_sensor_decorator.py took 0.043 seconds
[2025-04-10T15:42:33.050+0000] {processor.py:153} INFO - Started process (PID=540) to work on /home/airflow/.local/lib/python3.7/site-packages/airflow/example_dags/example_sensor_decorator.py
[2025-04-10T15:42:33.051+0000] {processor.py:743} INFO - Processing file /home/airflow/.local/lib/python3.7/site-packages/airflow/example_dags/example_sensor_decorator.py for tasks to queue
[2025-04-10T15:42:33.051+0000] {logging_mixin.py:137} INFO - [2025-04-10T15:42:33.051+0000] {dagbag.py:538} INFO - Filling up the DagBag from /home/airflow/.local/lib/python3.7/site-packages/airflow/example_dags/example_sensor_decorator.py
[2025-04-10T15:42:33.062+0000] {processor.py:753} INFO - DAG(s) dict_keys(['example_sensor_decorator']) retrieved from /home/airflow/.local/lib/python3.7/site-packages/airflow/example_dags/example_sensor_decorator.py
[2025-04-10T15:42:33.076+0000] {logging_mixin.py:137} INFO - [2025-04-10T15:42:33.076+0000] {dag.py:2690} INFO - Sync 1 DAGs
[2025-04-10T15:42:33.088+0000] {logging_mixin.py:137} INFO - [2025-04-10T15:42:33.088+0000] {dag.py:3441} INFO - Setting next_dagrun for example_sensor_decorator to None, run_after=None
[2025-04-10T15:42:33.095+0000] {processor.py:175} INFO - Processing /home/airflow/.local/lib/python3.7/site-packages/airflow/example_dags/example_sensor_decorator.py took 0.046 seconds
[2025-04-10T15:43:03.718+0000] {processor.py:153} INFO - Started process (PID=653) to work on /home/airflow/.local/lib/python3.7/site-packages/airflow/example_dags/example_sensor_decorator.py
[2025-04-10T15:43:03.719+0000] {processor.py:743} INFO - Processing file /home/airflow/.local/lib/python3.7/site-packages/airflow/example_dags/example_sensor_decorator.py for tasks to queue
[2025-04-10T15:43:03.720+0000] {logging_mixin.py:137} INFO - [2025-04-10T15:43:03.720+0000] {dagbag.py:538} INFO - Filling up the DagBag from /home/airflow/.local/lib/python3.7/site-packages/airflow/example_dags/example_sensor_decorator.py
[2025-04-10T15:43:03.729+0000] {processor.py:753} INFO - DAG(s) dict_keys(['example_sensor_decorator']) retrieved from /home/airflow/.local/lib/python3.7/site-packages/airflow/example_dags/example_sensor_decorator.py
[2025-04-10T15:43:03.744+0000] {logging_mixin.py:137} INFO - [2025-04-10T15:43:03.743+0000] {dag.py:2690} INFO - Sync 1 DAGs
[2025-04-10T15:43:03.753+0000] {logging_mixin.py:137} INFO - [2025-04-10T15:43:03.753+0000] {dag.py:3441} INFO - Setting next_dagrun for example_sensor_decorator to None, run_after=None
[2025-04-10T15:43:03.760+0000] {processor.py:175} INFO - Processing /home/airflow/.local/lib/python3.7/site-packages/airflow/example_dags/example_sensor_decorator.py took 0.044 seconds
[2025-04-10T15:43:34.346+0000] {processor.py:153} INFO - Started process (PID=744) to work on /home/airflow/.local/lib/python3.7/site-packages/airflow/example_dags/example_sensor_decorator.py
[2025-04-10T15:43:34.347+0000] {processor.py:743} INFO - Processing file /home/airflow/.local/lib/python3.7/site-packages/airflow/example_dags/example_sensor_decorator.py for tasks to queue
[2025-04-10T15:43:34.347+0000] {logging_mixin.py:137} INFO - [2025-04-10T15:43:34.347+0000] {dagbag.py:538} INFO - Filling up the DagBag from /home/airflow/.local/lib/python3.7/site-packages/airflow/example_dags/example_sensor_decorator.py
[2025-04-10T15:43:34.356+0000] {processor.py:753} INFO - DAG(s) dict_keys(['example_sensor_decorator']) retrieved from /home/airflow/.local/lib/python3.7/site-packages/airflow/example_dags/example_sensor_decorator.py
[2025-04-10T15:43:34.366+0000] {logging_mixin.py:137} INFO - [2025-04-10T15:43:34.366+0000] {dag.py:2690} INFO - Sync 1 DAGs
[2025-04-10T15:43:34.376+0000] {logging_mixin.py:137} INFO - [2025-04-10T15:43:34.376+0000] {dag.py:3441} INFO - Setting next_dagrun for example_sensor_decorator to None, run_after=None
[2025-04-10T15:43:34.382+0000] {processor.py:175} INFO - Processing /home/airflow/.local/lib/python3.7/site-packages/airflow/example_dags/example_sensor_decorator.py took 0.037 seconds
[2025-04-10T15:44:05.385+0000] {processor.py:153} INFO - Started process (PID=841) to work on /home/airflow/.local/lib/python3.7/site-packages/airflow/example_dags/example_sensor_decorator.py
[2025-04-10T15:44:05.386+0000] {processor.py:743} INFO - Processing file /home/airflow/.local/lib/python3.7/site-packages/airflow/example_dags/example_sensor_decorator.py for tasks to queue
[2025-04-10T15:44:05.387+0000] {logging_mixin.py:137} INFO - [2025-04-10T15:44:05.387+0000] {dagbag.py:538} INFO - Filling up the DagBag from /home/airflow/.local/lib/python3.7/site-packages/airflow/example_dags/example_sensor_decorator.py
[2025-04-10T15:44:05.399+0000] {processor.py:753} INFO - DAG(s) dict_keys(['example_sensor_decorator']) retrieved from /home/airflow/.local/lib/python3.7/site-packages/airflow/example_dags/example_sensor_decorator.py
[2025-04-10T15:44:05.416+0000] {logging_mixin.py:137} INFO - [2025-04-10T15:44:05.416+0000] {dag.py:2690} INFO - Sync 1 DAGs
[2025-04-10T15:44:05.429+0000] {logging_mixin.py:137} INFO - [2025-04-10T15:44:05.429+0000] {dag.py:3441} INFO - Setting next_dagrun for example_sensor_decorator to None, run_after=None
[2025-04-10T15:44:05.437+0000] {processor.py:175} INFO - Processing /home/airflow/.local/lib/python3.7/site-packages/airflow/example_dags/example_sensor_decorator.py took 0.053 seconds
[2025-04-10T15:44:36.137+0000] {processor.py:153} INFO - Started process (PID=951) to work on /home/airflow/.local/lib/python3.7/site-packages/airflow/example_dags/example_sensor_decorator.py
[2025-04-10T15:44:36.139+0000] {processor.py:743} INFO - Processing file /home/airflow/.local/lib/python3.7/site-packages/airflow/example_dags/example_sensor_decorator.py for tasks to queue
[2025-04-10T15:44:36.140+0000] {logging_mixin.py:137} INFO - [2025-04-10T15:44:36.139+0000] {dagbag.py:538} INFO - Filling up the DagBag from /home/airflow/.local/lib/python3.7/site-packages/airflow/example_dags/example_sensor_decorator.py
[2025-04-10T15:44:36.149+0000] {processor.py:753} INFO - DAG(s) dict_keys(['example_sensor_decorator']) retrieved from /home/airflow/.local/lib/python3.7/site-packages/airflow/example_dags/example_sensor_decorator.py
[2025-04-10T15:44:36.159+0000] {logging_mixin.py:137} INFO - [2025-04-10T15:44:36.159+0000] {dag.py:2690} INFO - Sync 1 DAGs
[2025-04-10T15:44:36.169+0000] {logging_mixin.py:137} INFO - [2025-04-10T15:44:36.169+0000] {dag.py:3441} INFO - Setting next_dagrun for example_sensor_decorator to None, run_after=None
[2025-04-10T15:44:36.175+0000] {processor.py:175} INFO - Processing /home/airflow/.local/lib/python3.7/site-packages/airflow/example_dags/example_sensor_decorator.py took 0.040 seconds
[2025-04-10T15:45:06.937+0000] {processor.py:153} INFO - Started process (PID=1048) to work on /home/airflow/.local/lib/python3.7/site-packages/airflow/example_dags/example_sensor_decorator.py
[2025-04-10T15:45:06.938+0000] {processor.py:743} INFO - Processing file /home/airflow/.local/lib/python3.7/site-packages/airflow/example_dags/example_sensor_decorator.py for tasks to queue
[2025-04-10T15:45:06.938+0000] {logging_mixin.py:137} INFO - [2025-04-10T15:45:06.938+0000] {dagbag.py:538} INFO - Filling up the DagBag from /home/airflow/.local/lib/python3.7/site-packages/airflow/example_dags/example_sensor_decorator.py
[2025-04-10T15:45:06.949+0000] {processor.py:753} INFO - DAG(s) dict_keys(['example_sensor_decorator']) retrieved from /home/airflow/.local/lib/python3.7/site-packages/airflow/example_dags/example_sensor_decorator.py
[2025-04-10T15:45:06.960+0000] {logging_mixin.py:137} INFO - [2025-04-10T15:45:06.960+0000] {dag.py:2690} INFO - Sync 1 DAGs
[2025-04-10T15:45:06.970+0000] {logging_mixin.py:137} INFO - [2025-04-10T15:45:06.970+0000] {dag.py:3441} INFO - Setting next_dagrun for example_sensor_decorator to None, run_after=None
[2025-04-10T15:45:06.977+0000] {processor.py:175} INFO - Processing /home/airflow/.local/lib/python3.7/site-packages/airflow/example_dags/example_sensor_decorator.py took 0.041 seconds
[2025-04-10T15:45:37.663+0000] {processor.py:153} INFO - Started process (PID=1126) to work on /home/airflow/.local/lib/python3.7/site-packages/airflow/example_dags/example_sensor_decorator.py
[2025-04-10T15:45:37.664+0000] {processor.py:743} INFO - Processing file /home/airflow/.local/lib/python3.7/site-packages/airflow/example_dags/example_sensor_decorator.py for tasks to queue
[2025-04-10T15:45:37.664+0000] {logging_mixin.py:137} INFO - [2025-04-10T15:45:37.664+0000] {dagbag.py:538} INFO - Filling up the DagBag from /home/airflow/.local/lib/python3.7/site-packages/airflow/example_dags/example_sensor_decorator.py
[2025-04-10T15:45:37.677+0000] {processor.py:753} INFO - DAG(s) dict_keys(['example_sensor_decorator']) retrieved from /home/airflow/.local/lib/python3.7/site-packages/airflow/example_dags/example_sensor_decorator.py
[2025-04-10T15:45:37.689+0000] {logging_mixin.py:137} INFO - [2025-04-10T15:45:37.689+0000] {dag.py:2690} INFO - Sync 1 DAGs
[2025-04-10T15:45:37.698+0000] {logging_mixin.py:137} INFO - [2025-04-10T15:45:37.698+0000] {dag.py:3441} INFO - Setting next_dagrun for example_sensor_decorator to None, run_after=None
[2025-04-10T15:45:37.705+0000] {processor.py:175} INFO - Processing /home/airflow/.local/lib/python3.7/site-packages/airflow/example_dags/example_sensor_decorator.py took 0.044 seconds
[2025-04-10T15:46:08.203+0000] {processor.py:153} INFO - Started process (PID=1223) to work on /home/airflow/.local/lib/python3.7/site-packages/airflow/example_dags/example_sensor_decorator.py
[2025-04-10T15:46:08.203+0000] {processor.py:743} INFO - Processing file /home/airflow/.local/lib/python3.7/site-packages/airflow/example_dags/example_sensor_decorator.py for tasks to queue
[2025-04-10T15:46:08.204+0000] {logging_mixin.py:137} INFO - [2025-04-10T15:46:08.204+0000] {dagbag.py:538} INFO - Filling up the DagBag from /home/airflow/.local/lib/python3.7/site-packages/airflow/example_dags/example_sensor_decorator.py
[2025-04-10T15:46:08.214+0000] {processor.py:753} INFO - DAG(s) dict_keys(['example_sensor_decorator']) retrieved from /home/airflow/.local/lib/python3.7/site-packages/airflow/example_dags/example_sensor_decorator.py
[2025-04-10T15:46:08.223+0000] {logging_mixin.py:137} INFO - [2025-04-10T15:46:08.223+0000] {dag.py:2690} INFO - Sync 1 DAGs
[2025-04-10T15:46:08.237+0000] {logging_mixin.py:137} INFO - [2025-04-10T15:46:08.237+0000] {dag.py:3441} INFO - Setting next_dagrun for example_sensor_decorator to None, run_after=None
[2025-04-10T15:46:08.244+0000] {processor.py:175} INFO - Processing /home/airflow/.local/lib/python3.7/site-packages/airflow/example_dags/example_sensor_decorator.py took 0.043 seconds
[2025-04-10T15:46:39.147+0000] {processor.py:153} INFO - Started process (PID=1320) to work on /home/airflow/.local/lib/python3.7/site-packages/airflow/example_dags/example_sensor_decorator.py
[2025-04-10T15:46:39.148+0000] {processor.py:743} INFO - Processing file /home/airflow/.local/lib/python3.7/site-packages/airflow/example_dags/example_sensor_decorator.py for tasks to queue
[2025-04-10T15:46:39.149+0000] {logging_mixin.py:137} INFO - [2025-04-10T15:46:39.148+0000] {dagbag.py:538} INFO - Filling up the DagBag from /home/airflow/.local/lib/python3.7/site-packages/airflow/example_dags/example_sensor_decorator.py
[2025-04-10T15:46:39.158+0000] {processor.py:753} INFO - DAG(s) dict_keys(['example_sensor_decorator']) retrieved from /home/airflow/.local/lib/python3.7/site-packages/airflow/example_dags/example_sensor_decorator.py
[2025-04-10T15:46:39.168+0000] {logging_mixin.py:137} INFO - [2025-04-10T15:46:39.168+0000] {dag.py:2690} INFO - Sync 1 DAGs
[2025-04-10T15:46:39.177+0000] {logging_mixin.py:137} INFO - [2025-04-10T15:46:39.177+0000] {dag.py:3441} INFO - Setting next_dagrun for example_sensor_decorator to None, run_after=None
[2025-04-10T15:46:39.184+0000] {processor.py:175} INFO - Processing /home/airflow/.local/lib/python3.7/site-packages/airflow/example_dags/example_sensor_decorator.py took 0.038 seconds
[2025-04-10T15:47:09.889+0000] {processor.py:153} INFO - Started process (PID=1398) to work on /home/airflow/.local/lib/python3.7/site-packages/airflow/example_dags/example_sensor_decorator.py
[2025-04-10T15:47:09.890+0000] {processor.py:743} INFO - Processing file /home/airflow/.local/lib/python3.7/site-packages/airflow/example_dags/example_sensor_decorator.py for tasks to queue
[2025-04-10T15:47:09.890+0000] {logging_mixin.py:137} INFO - [2025-04-10T15:47:09.890+0000] {dagbag.py:538} INFO - Filling up the DagBag from /home/airflow/.local/lib/python3.7/site-packages/airflow/example_dags/example_sensor_decorator.py
[2025-04-10T15:47:09.902+0000] {processor.py:753} INFO - DAG(s) dict_keys(['example_sensor_decorator']) retrieved from /home/airflow/.local/lib/python3.7/site-packages/airflow/example_dags/example_sensor_decorator.py
[2025-04-10T15:47:09.913+0000] {logging_mixin.py:137} INFO - [2025-04-10T15:47:09.913+0000] {dag.py:2690} INFO - Sync 1 DAGs
[2025-04-10T15:47:09.923+0000] {logging_mixin.py:137} INFO - [2025-04-10T15:47:09.923+0000] {dag.py:3441} INFO - Setting next_dagrun for example_sensor_decorator to None, run_after=None
[2025-04-10T15:47:09.930+0000] {processor.py:175} INFO - Processing /home/airflow/.local/lib/python3.7/site-packages/airflow/example_dags/example_sensor_decorator.py took 0.044 seconds
[2025-04-10T15:47:40.640+0000] {processor.py:153} INFO - Started process (PID=1514) to work on /home/airflow/.local/lib/python3.7/site-packages/airflow/example_dags/example_sensor_decorator.py
[2025-04-10T15:47:40.641+0000] {processor.py:743} INFO - Processing file /home/airflow/.local/lib/python3.7/site-packages/airflow/example_dags/example_sensor_decorator.py for tasks to queue
[2025-04-10T15:47:40.642+0000] {logging_mixin.py:137} INFO - [2025-04-10T15:47:40.642+0000] {dagbag.py:538} INFO - Filling up the DagBag from /home/airflow/.local/lib/python3.7/site-packages/airflow/example_dags/example_sensor_decorator.py
[2025-04-10T15:47:40.654+0000] {processor.py:753} INFO - DAG(s) dict_keys(['example_sensor_decorator']) retrieved from /home/airflow/.local/lib/python3.7/site-packages/airflow/example_dags/example_sensor_decorator.py
[2025-04-10T15:47:40.664+0000] {logging_mixin.py:137} INFO - [2025-04-10T15:47:40.664+0000] {dag.py:2690} INFO - Sync 1 DAGs
[2025-04-10T15:47:40.677+0000] {logging_mixin.py:137} INFO - [2025-04-10T15:47:40.677+0000] {dag.py:3441} INFO - Setting next_dagrun for example_sensor_decorator to None, run_after=None
[2025-04-10T15:47:40.684+0000] {processor.py:175} INFO - Processing /home/airflow/.local/lib/python3.7/site-packages/airflow/example_dags/example_sensor_decorator.py took 0.046 seconds
[2025-04-10T15:48:11.610+0000] {processor.py:153} INFO - Started process (PID=1623) to work on /home/airflow/.local/lib/python3.7/site-packages/airflow/example_dags/example_sensor_decorator.py
[2025-04-10T15:48:11.611+0000] {processor.py:743} INFO - Processing file /home/airflow/.local/lib/python3.7/site-packages/airflow/example_dags/example_sensor_decorator.py for tasks to queue
[2025-04-10T15:48:11.612+0000] {logging_mixin.py:137} INFO - [2025-04-10T15:48:11.612+0000] {dagbag.py:538} INFO - Filling up the DagBag from /home/airflow/.local/lib/python3.7/site-packages/airflow/example_dags/example_sensor_decorator.py
[2025-04-10T15:48:11.623+0000] {processor.py:753} INFO - DAG(s) dict_keys(['example_sensor_decorator']) retrieved from /home/airflow/.local/lib/python3.7/site-packages/airflow/example_dags/example_sensor_decorator.py
[2025-04-10T15:48:11.636+0000] {logging_mixin.py:137} INFO - [2025-04-10T15:48:11.636+0000] {dag.py:2690} INFO - Sync 1 DAGs
[2025-04-10T15:48:11.649+0000] {logging_mixin.py:137} INFO - [2025-04-10T15:48:11.648+0000] {dag.py:3441} INFO - Setting next_dagrun for example_sensor_decorator to None, run_after=None
[2025-04-10T15:48:11.657+0000] {processor.py:175} INFO - Processing /home/airflow/.local/lib/python3.7/site-packages/airflow/example_dags/example_sensor_decorator.py took 0.048 seconds
[2025-04-10T15:48:42.501+0000] {processor.py:153} INFO - Started process (PID=1710) to work on /home/airflow/.local/lib/python3.7/site-packages/airflow/example_dags/example_sensor_decorator.py
[2025-04-10T15:48:42.502+0000] {processor.py:743} INFO - Processing file /home/airflow/.local/lib/python3.7/site-packages/airflow/example_dags/example_sensor_decorator.py for tasks to queue
[2025-04-10T15:48:42.504+0000] {logging_mixin.py:137} INFO - [2025-04-10T15:48:42.503+0000] {dagbag.py:538} INFO - Filling up the DagBag from /home/airflow/.local/lib/python3.7/site-packages/airflow/example_dags/example_sensor_decorator.py
[2025-04-10T15:48:42.525+0000] {processor.py:753} INFO - DAG(s) dict_keys(['example_sensor_decorator']) retrieved from /home/airflow/.local/lib/python3.7/site-packages/airflow/example_dags/example_sensor_decorator.py
[2025-04-10T15:48:42.548+0000] {logging_mixin.py:137} INFO - [2025-04-10T15:48:42.548+0000] {dag.py:2690} INFO - Sync 1 DAGs
[2025-04-10T15:48:42.568+0000] {logging_mixin.py:137} INFO - [2025-04-10T15:48:42.568+0000] {dag.py:3441} INFO - Setting next_dagrun for example_sensor_decorator to None, run_after=None
[2025-04-10T15:48:42.584+0000] {processor.py:175} INFO - Processing /home/airflow/.local/lib/python3.7/site-packages/airflow/example_dags/example_sensor_decorator.py took 0.085 seconds
[2025-04-10T15:49:13.275+0000] {processor.py:153} INFO - Started process (PID=1798) to work on /home/airflow/.local/lib/python3.7/site-packages/airflow/example_dags/example_sensor_decorator.py
[2025-04-10T15:49:13.276+0000] {processor.py:743} INFO - Processing file /home/airflow/.local/lib/python3.7/site-packages/airflow/example_dags/example_sensor_decorator.py for tasks to queue
[2025-04-10T15:49:13.278+0000] {logging_mixin.py:137} INFO - [2025-04-10T15:49:13.277+0000] {dagbag.py:538} INFO - Filling up the DagBag from /home/airflow/.local/lib/python3.7/site-packages/airflow/example_dags/example_sensor_decorator.py
[2025-04-10T15:49:13.296+0000] {processor.py:753} INFO - DAG(s) dict_keys(['example_sensor_decorator']) retrieved from /home/airflow/.local/lib/python3.7/site-packages/airflow/example_dags/example_sensor_decorator.py
[2025-04-10T15:49:13.309+0000] {logging_mixin.py:137} INFO - [2025-04-10T15:49:13.309+0000] {dag.py:2690} INFO - Sync 1 DAGs
[2025-04-10T15:49:13.320+0000] {logging_mixin.py:137} INFO - [2025-04-10T15:49:13.319+0000] {dag.py:3441} INFO - Setting next_dagrun for example_sensor_decorator to None, run_after=None
[2025-04-10T15:49:13.327+0000] {processor.py:175} INFO - Processing /home/airflow/.local/lib/python3.7/site-packages/airflow/example_dags/example_sensor_decorator.py took 0.060 seconds
[2025-04-10T15:49:44.028+0000] {processor.py:153} INFO - Started process (PID=1894) to work on /home/airflow/.local/lib/python3.7/site-packages/airflow/example_dags/example_sensor_decorator.py
[2025-04-10T15:49:44.028+0000] {processor.py:743} INFO - Processing file /home/airflow/.local/lib/python3.7/site-packages/airflow/example_dags/example_sensor_decorator.py for tasks to queue
[2025-04-10T15:49:44.029+0000] {logging_mixin.py:137} INFO - [2025-04-10T15:49:44.029+0000] {dagbag.py:538} INFO - Filling up the DagBag from /home/airflow/.local/lib/python3.7/site-packages/airflow/example_dags/example_sensor_decorator.py
[2025-04-10T15:49:44.038+0000] {processor.py:753} INFO - DAG(s) dict_keys(['example_sensor_decorator']) retrieved from /home/airflow/.local/lib/python3.7/site-packages/airflow/example_dags/example_sensor_decorator.py
[2025-04-10T15:49:44.049+0000] {logging_mixin.py:137} INFO - [2025-04-10T15:49:44.049+0000] {dag.py:2690} INFO - Sync 1 DAGs
[2025-04-10T15:49:44.059+0000] {logging_mixin.py:137} INFO - [2025-04-10T15:49:44.059+0000] {dag.py:3441} INFO - Setting next_dagrun for example_sensor_decorator to None, run_after=None
[2025-04-10T15:49:44.066+0000] {processor.py:175} INFO - Processing /home/airflow/.local/lib/python3.7/site-packages/airflow/example_dags/example_sensor_decorator.py took 0.040 seconds
[2025-04-10T15:50:14.886+0000] {processor.py:153} INFO - Started process (PID=2004) to work on /home/airflow/.local/lib/python3.7/site-packages/airflow/example_dags/example_sensor_decorator.py
[2025-04-10T15:50:14.886+0000] {processor.py:743} INFO - Processing file /home/airflow/.local/lib/python3.7/site-packages/airflow/example_dags/example_sensor_decorator.py for tasks to queue
[2025-04-10T15:50:14.887+0000] {logging_mixin.py:137} INFO - [2025-04-10T15:50:14.887+0000] {dagbag.py:538} INFO - Filling up the DagBag from /home/airflow/.local/lib/python3.7/site-packages/airflow/example_dags/example_sensor_decorator.py
[2025-04-10T15:50:14.902+0000] {processor.py:753} INFO - DAG(s) dict_keys(['example_sensor_decorator']) retrieved from /home/airflow/.local/lib/python3.7/site-packages/airflow/example_dags/example_sensor_decorator.py
[2025-04-10T15:50:14.916+0000] {logging_mixin.py:137} INFO - [2025-04-10T15:50:14.916+0000] {dag.py:2690} INFO - Sync 1 DAGs
[2025-04-10T15:50:14.928+0000] {logging_mixin.py:137} INFO - [2025-04-10T15:50:14.928+0000] {dag.py:3441} INFO - Setting next_dagrun for example_sensor_decorator to None, run_after=None
[2025-04-10T15:50:14.937+0000] {processor.py:175} INFO - Processing /home/airflow/.local/lib/python3.7/site-packages/airflow/example_dags/example_sensor_decorator.py took 0.054 seconds
[2025-04-10T15:50:45.933+0000] {processor.py:153} INFO - Started process (PID=2082) to work on /home/airflow/.local/lib/python3.7/site-packages/airflow/example_dags/example_sensor_decorator.py
[2025-04-10T15:50:45.934+0000] {processor.py:743} INFO - Processing file /home/airflow/.local/lib/python3.7/site-packages/airflow/example_dags/example_sensor_decorator.py for tasks to queue
[2025-04-10T15:50:45.935+0000] {logging_mixin.py:137} INFO - [2025-04-10T15:50:45.935+0000] {dagbag.py:538} INFO - Filling up the DagBag from /home/airflow/.local/lib/python3.7/site-packages/airflow/example_dags/example_sensor_decorator.py
[2025-04-10T15:50:45.945+0000] {processor.py:753} INFO - DAG(s) dict_keys(['example_sensor_decorator']) retrieved from /home/airflow/.local/lib/python3.7/site-packages/airflow/example_dags/example_sensor_decorator.py
[2025-04-10T15:50:45.956+0000] {logging_mixin.py:137} INFO - [2025-04-10T15:50:45.956+0000] {dag.py:2690} INFO - Sync 1 DAGs
[2025-04-10T15:50:45.966+0000] {logging_mixin.py:137} INFO - [2025-04-10T15:50:45.966+0000] {dag.py:3441} INFO - Setting next_dagrun for example_sensor_decorator to None, run_after=None
[2025-04-10T15:50:45.974+0000] {processor.py:175} INFO - Processing /home/airflow/.local/lib/python3.7/site-packages/airflow/example_dags/example_sensor_decorator.py took 0.042 seconds
[2025-04-10T15:51:16.636+0000] {processor.py:153} INFO - Started process (PID=2180) to work on /home/airflow/.local/lib/python3.7/site-packages/airflow/example_dags/example_sensor_decorator.py
[2025-04-10T15:51:16.636+0000] {processor.py:743} INFO - Processing file /home/airflow/.local/lib/python3.7/site-packages/airflow/example_dags/example_sensor_decorator.py for tasks to queue
[2025-04-10T15:51:16.637+0000] {logging_mixin.py:137} INFO - [2025-04-10T15:51:16.637+0000] {dagbag.py:538} INFO - Filling up the DagBag from /home/airflow/.local/lib/python3.7/site-packages/airflow/example_dags/example_sensor_decorator.py
[2025-04-10T15:51:16.648+0000] {processor.py:753} INFO - DAG(s) dict_keys(['example_sensor_decorator']) retrieved from /home/airflow/.local/lib/python3.7/site-packages/airflow/example_dags/example_sensor_decorator.py
[2025-04-10T15:51:16.660+0000] {logging_mixin.py:137} INFO - [2025-04-10T15:51:16.660+0000] {dag.py:2690} INFO - Sync 1 DAGs
[2025-04-10T15:51:16.670+0000] {logging_mixin.py:137} INFO - [2025-04-10T15:51:16.670+0000] {dag.py:3441} INFO - Setting next_dagrun for example_sensor_decorator to None, run_after=None
[2025-04-10T15:51:16.678+0000] {processor.py:175} INFO - Processing /home/airflow/.local/lib/python3.7/site-packages/airflow/example_dags/example_sensor_decorator.py took 0.044 seconds
[2025-04-10T15:51:47.361+0000] {processor.py:153} INFO - Started process (PID=2290) to work on /home/airflow/.local/lib/python3.7/site-packages/airflow/example_dags/example_sensor_decorator.py
[2025-04-10T15:51:47.363+0000] {processor.py:743} INFO - Processing file /home/airflow/.local/lib/python3.7/site-packages/airflow/example_dags/example_sensor_decorator.py for tasks to queue
[2025-04-10T15:51:47.363+0000] {logging_mixin.py:137} INFO - [2025-04-10T15:51:47.363+0000] {dagbag.py:538} INFO - Filling up the DagBag from /home/airflow/.local/lib/python3.7/site-packages/airflow/example_dags/example_sensor_decorator.py
[2025-04-10T15:51:47.389+0000] {processor.py:753} INFO - DAG(s) dict_keys(['example_sensor_decorator']) retrieved from /home/airflow/.local/lib/python3.7/site-packages/airflow/example_dags/example_sensor_decorator.py
[2025-04-10T15:51:47.405+0000] {logging_mixin.py:137} INFO - [2025-04-10T15:51:47.404+0000] {dag.py:2690} INFO - Sync 1 DAGs
[2025-04-10T15:51:47.417+0000] {logging_mixin.py:137} INFO - [2025-04-10T15:51:47.417+0000] {dag.py:3441} INFO - Setting next_dagrun for example_sensor_decorator to None, run_after=None
[2025-04-10T15:51:47.424+0000] {processor.py:175} INFO - Processing /home/airflow/.local/lib/python3.7/site-packages/airflow/example_dags/example_sensor_decorator.py took 0.066 seconds
